<?xml version="1.0" encoding="UTF-8"?>
<!-- Generated by org.testng.reporters.JUnitXMLReporter -->
<testsuite ignored="0" hostname="DESKTOP-NTHP5B3" failures="1" tests="1" name="FireFoxTest" time="0.012" errors="0" timestamp="2023-10-09T19:12:28 IST">
  <testcase classname="StepDefinitions.CrossBrowserTesting" name="FacebookLogin" time="0.004">
    <failure type="java.lang.NullPointerException" message="Cannot invoke &amp;quot;org.openqa.selenium.WebDriver.manage()&amp;quot; because &amp;quot;this.driver&amp;quot; is null">
      <![CDATA[java.lang.NullPointerException: Cannot invoke "org.openqa.selenium.WebDriver.manage()" because "this.driver" is null
at StepDefinitions.CrossBrowserTesting.FacebookLogin(CrossBrowserTesting.java:57)
at java.base/java.util.ArrayList.forEach(ArrayList.java:1511)
... Removed 25 stack frames]]>
    </failure>
  </testcase> <!-- FacebookLogin -->
</testsuite> <!-- FireFoxTest -->
