<?xml version="1.0" encoding="UTF-8"?>
<testng-results ignored="0" total="2" passed="2" failed="0" skipped="0">
  <reporter-output>
  </reporter-output>
  <suite started-at="2023-12-11T12:30:52 IST" name="Default suite" finished-at="2023-12-11T12:31:05 IST" duration-ms="12710">
    <groups>
    </groups>
    <test started-at="2023-12-11T12:30:52 IST" name="Default test" finished-at="2023-12-11T12:31:05 IST" duration-ms="12710">
      <class name="main.java.DataDrivenTesting">
        <test-method is-config="true" signature="setUpDriver()[pri:0, instance:main.java.DataDrivenTesting@54e1c68b]" started-at="2023-12-11T12:30:52 IST" name="setUpDriver" finished-at="2023-12-11T12:30:58 IST" duration-ms="5890" status="PASS">
          <reporter-output>
          </reporter-output>
        </test-method> <!-- setUpDriver -->
        <test-method signature="LoginTest(java.lang.String,java.lang.String)[pri:0, instance:main.java.DataDrivenTesting@54e1c68b]" started-at="2023-12-11T12:30:58 IST" name="LoginTest" data-provider="LoginData" finished-at="2023-12-11T12:31:02 IST" duration-ms="4113" status="PASS">
          <params>
            <param index="0">
              <value>
                <![CDATA[9704661656]]>
              </value>
            </param>
            <param index="1">
              <value>
                <![CDATA[Subbu466165689$]]>
              </value>
            </param>
          </params>
          <reporter-output>
          </reporter-output>
        </test-method> <!-- LoginTest -->
        <test-method signature="LoginTest(java.lang.String,java.lang.String)[pri:0, instance:main.java.DataDrivenTesting@54e1c68b]" started-at="2023-12-11T12:31:02 IST" name="LoginTest" data-provider="LoginData" finished-at="2023-12-11T12:31:05 IST" duration-ms="2625" status="PASS">
          <params>
            <param index="0">
              <value>
                <![CDATA[9704661656]]>
              </value>
            </param>
            <param index="1">
              <value>
                <![CDATA[Subbu466165689#]]>
              </value>
            </param>
          </params>
          <reporter-output>
          </reporter-output>
        </test-method> <!-- LoginTest -->
        <test-method is-config="true" signature="teardown()[pri:0, instance:main.java.DataDrivenTesting@54e1c68b]" started-at="2023-12-11T12:31:05 IST" name="teardown" finished-at="2023-12-11T12:31:05 IST" duration-ms="4" status="PASS">
          <reporter-output>
          </reporter-output>
        </test-method> <!-- teardown -->
      </class> <!-- main.java.DataDrivenTesting -->
    </test> <!-- Default test -->
  </suite> <!-- Default suite -->
</testng-results>
